<?xml version="1.0" encoding="UTF-8"?>
<coverage generated="1516489100413" clover="3.2.0">
  <project timestamp="1516489100414" name="All files">
    <metrics statements="102" coveredstatements="42" conditionals="30" coveredconditionals="3" methods="46" coveredmethods="9" elements="178" coveredelements="54" complexity="0" loc="102" ncloc="102" packages="3" files="12" classes="12">
      <package name="src">
        <metrics statements="65" coveredstatements="13" conditionals="22" coveredconditionals="1" methods="32" coveredmethods="0"/>
        <file name="App.js" path="/Users/assemany/Development/udacity/reactnd-project-myreads-starter/src/App.js">
          <metrics statements="35" coveredstatements="0" conditionals="16" coveredconditionals="0" methods="20" coveredmethods="0"/>
          <line num="21" count="0" type="stmt"/>
          <line num="22" count="0" type="stmt"/>
          <line num="26" count="0" type="stmt"/>
          <line num="36" count="0" type="stmt"/>
          <line num="37" count="0" type="cond" truecount="0" falsecount="2"/>
          <line num="38" count="0" type="cond" truecount="0" falsecount="2"/>
          <line num="39" count="0" type="stmt"/>
          <line num="47" count="0" type="cond" truecount="0" falsecount="2"/>
          <line num="48" count="0" type="stmt"/>
          <line num="57" count="0" type="stmt"/>
          <line num="59" count="0" type="stmt"/>
          <line num="60" count="0" type="stmt"/>
          <line num="61" count="0" type="cond" truecount="0" falsecount="2"/>
          <line num="62" count="0" type="stmt"/>
          <line num="63" count="0" type="stmt"/>
          <line num="65" count="0" type="stmt"/>
          <line num="67" count="0" type="cond" truecount="0" falsecount="2"/>
          <line num="68" count="0" type="stmt"/>
          <line num="69" count="0" type="stmt"/>
          <line num="71" count="0" type="stmt"/>
          <line num="73" count="0" type="stmt"/>
          <line num="80" count="0" type="cond" truecount="0" falsecount="2"/>
          <line num="81" count="0" type="stmt"/>
          <line num="82" count="0" type="cond" truecount="0" falsecount="2"/>
          <line num="83" count="0" type="stmt"/>
          <line num="84" count="0" type="stmt"/>
          <line num="96" count="0" type="stmt"/>
          <line num="97" count="0" type="stmt"/>
          <line num="98" count="0" type="cond" truecount="0" falsecount="2"/>
          <line num="99" count="0" type="stmt"/>
          <line num="100" count="0" type="stmt"/>
          <line num="103" count="0" type="stmt"/>
          <line num="108" count="0" type="stmt"/>
          <line num="111" count="0" type="stmt"/>
          <line num="116" count="0" type="stmt"/>
        </file>
        <file name="BooksAPI.js" path="/Users/assemany/Development/udacity/reactnd-project-myreads-starter/src/BooksAPI.js">
          <metrics statements="20" coveredstatements="9" conditionals="2" coveredconditionals="1" methods="11" coveredmethods="0"/>
          <line num="1" count="1" type="stmt"/>
          <line num="5" count="1" type="stmt"/>
          <line num="6" count="1" type="cond" truecount="1" falsecount="1"/>
          <line num="7" count="1" type="stmt"/>
          <line num="9" count="1" type="stmt"/>
          <line num="14" count="1" type="stmt"/>
          <line num="15" count="0" type="stmt"/>
          <line num="16" count="0" type="stmt"/>
          <line num="17" count="0" type="stmt"/>
          <line num="19" count="1" type="stmt"/>
          <line num="20" count="0" type="stmt"/>
          <line num="21" count="0" type="stmt"/>
          <line num="22" count="0" type="stmt"/>
          <line num="24" count="1" type="stmt"/>
          <line num="25" count="0" type="stmt"/>
          <line num="32" count="0" type="stmt"/>
          <line num="34" count="1" type="stmt"/>
          <line num="35" count="0" type="stmt"/>
          <line num="42" count="0" type="stmt"/>
          <line num="43" count="0" type="stmt"/>
        </file>
        <file name="index.js" path="/Users/assemany/Development/udacity/reactnd-project-myreads-starter/src/index.js">
          <metrics statements="6" coveredstatements="0" conditionals="4" coveredconditionals="0" methods="1" coveredmethods="0"/>
          <line num="1" count="0" type="stmt"/>
          <line num="2" count="0" type="stmt"/>
          <line num="3" count="0" type="stmt"/>
          <line num="4" count="0" type="stmt"/>
          <line num="5" count="0" type="cond" truecount="0" falsecount="4"/>
          <line num="7" count="0" type="stmt"/>
        </file>
        <file name="setupTests.js" path="/Users/assemany/Development/udacity/reactnd-project-myreads-starter/src/setupTests.js">
          <metrics statements="4" coveredstatements="4" conditionals="0" coveredconditionals="0" methods="0" coveredmethods="0"/>
          <line num="4" count="2" type="stmt"/>
          <line num="6" count="2" type="stmt"/>
          <line num="12" count="2" type="stmt"/>
          <line num="13" count="2" type="stmt"/>
        </file>
      </package>
      <package name="src.Components">
        <metrics statements="34" coveredstatements="26" conditionals="8" coveredconditionals="2" methods="13" coveredmethods="8"/>
        <file name="Book.js" path="/Users/assemany/Development/udacity/reactnd-project-myreads-starter/src/Components/Book.js">
          <metrics statements="4" coveredstatements="4" conditionals="0" coveredconditionals="0" methods="1" coveredmethods="1"/>
          <line num="5" count="1" type="stmt"/>
          <line num="6" count="3" type="stmt"/>
          <line num="8" count="3" type="stmt"/>
          <line num="24" count="1" type="stmt"/>
        </file>
        <file name="BookGrid.js" path="/Users/assemany/Development/udacity/reactnd-project-myreads-starter/src/Components/BookGrid.js">
          <metrics statements="5" coveredstatements="5" conditionals="0" coveredconditionals="0" methods="2" coveredmethods="2"/>
          <line num="5" count="1" type="stmt"/>
          <line num="6" count="1" type="stmt"/>
          <line num="8" count="1" type="stmt"/>
          <line num="11" count="2" type="stmt"/>
          <line num="19" count="1" type="stmt"/>
        </file>
        <file name="BookList.js" path="/Users/assemany/Development/udacity/reactnd-project-myreads-starter/src/Components/BookList.js">
          <metrics statements="5" coveredstatements="5" conditionals="0" coveredconditionals="0" methods="2" coveredmethods="2"/>
          <line num="6" count="1" type="stmt"/>
          <line num="7" count="2" type="stmt"/>
          <line num="9" count="2" type="stmt"/>
          <line num="16" count="6" type="stmt"/>
          <line num="31" count="1" type="stmt"/>
        </file>
        <file name="BookSearch.js" path="/Users/assemany/Development/udacity/reactnd-project-myreads-starter/src/Components/BookSearch.js">
          <metrics statements="5" coveredstatements="2" conditionals="2" coveredconditionals="0" methods="2" coveredmethods="0"/>
          <line num="7" count="1" type="stmt"/>
          <line num="9" count="0" type="stmt"/>
          <line num="11" count="0" type="stmt"/>
          <line num="20" count="0" type="stmt"/>
          <line num="32" count="1" type="stmt"/>
        </file>
        <file name="BookShelf.js" path="/Users/assemany/Development/udacity/reactnd-project-myreads-starter/src/Components/BookShelf.js">
          <metrics statements="4" coveredstatements="4" conditionals="0" coveredconditionals="0" methods="1" coveredmethods="1"/>
          <line num="6" count="1" type="stmt"/>
          <line num="7" count="1" type="stmt"/>
          <line num="8" count="1" type="stmt"/>
          <line num="20" count="1" type="stmt"/>
        </file>
        <file name="BookShelfChanger.js" path="/Users/assemany/Development/udacity/reactnd-project-myreads-starter/src/Components/BookShelfChanger.js">
          <metrics statements="7" coveredstatements="6" conditionals="2" coveredconditionals="2" methods="3" coveredmethods="2"/>
          <line num="5" count="1" type="stmt"/>
          <line num="6" count="4" type="stmt"/>
          <line num="8" count="4" type="stmt"/>
          <line num="9" count="0" type="stmt"/>
          <line num="12" count="4" type="stmt"/>
          <line num="17" count="12" type="stmt"/>
          <line num="24" count="1" type="stmt"/>
        </file>
        <file name="BookShelfLoader.js" path="/Users/assemany/Development/udacity/reactnd-project-myreads-starter/src/Components/BookShelfLoader.js">
          <metrics statements="4" coveredstatements="0" conditionals="4" coveredconditionals="0" methods="2" coveredmethods="0"/>
          <line num="1" count="0" type="stmt"/>
          <line num="2" count="0" type="cond" truecount="0" falsecount="4"/>
          <line num="6" count="0" type="stmt"/>
          <line num="23" count="0" type="stmt"/>
        </file>
      </package>
      <package name="src.utils">
        <metrics statements="3" coveredstatements="3" conditionals="0" coveredconditionals="0" methods="1" coveredmethods="1"/>
        <file name="Helpers.js" path="/Users/assemany/Development/udacity/reactnd-project-myreads-starter/src/utils/Helpers.js">
          <metrics statements="3" coveredstatements="3" conditionals="0" coveredconditionals="0" methods="1" coveredmethods="1"/>
          <line num="1" count="2" type="stmt"/>
          <line num="2" count="14" type="stmt"/>
          <line num="3" count="14" type="stmt"/>
        </file>
      </package>
    </metrics>
  </project>
</coverage>
