{"/Users/assemany/Development/udacity/reactnd-project-myreads-starter/src/App.js": {"path":"/Users/assemany/Development/udacity/reactnd-project-myreads-starter/src/App.js","statementMap":{"0":{"start":{"line":21,"column":8},"end":{"line":29,"column":10}},"1":{"start":{"line":22,"column":12},"end":{"line":25,"column":14}},"2":{"start":{"line":26,"column":12},"end":{"line":28,"column":14}},"3":{"start":{"line":36,"column":8},"end":{"line":40,"column":10}},"4":{"start":{"line":36,"column":56},"end":{"line":36,"column":66}},"5":{"start":{"line":37,"column":12},"end":{"line":37,"column":32}},"6":{"start":{"line":37,"column":23},"end":{"line":37,"column":32}},"7":{"start":{"line":38,"column":12},"end":{"line":38,"column":31}},"8":{"start":{"line":38,"column":23},"end":{"line":38,"column":31}},"9":{"start":{"line":39,"column":12},"end":{"line":39,"column":20}},"10":{"start":{"line":47,"column":8},"end":{"line":49,"column":9}},"11":{"start":{"line":48,"column":12},"end":{"line":48,"column":103}},"12":{"start":{"line":48,"column":51},"end":{"line":48,"column":71}},"13":{"start":{"line":57,"column":8},"end":{"line":73,"column":77}},"14":{"start":{"line":59,"column":28},"end":{"line":59,"column":33}},"15":{"start":{"line":60,"column":33},"end":{"line":66,"column":18}},"16":{"start":{"line":61,"column":20},"end":{"line":64,"column":21}},"17":{"start":{"line":62,"column":24},"end":{"line":62,"column":39}},"18":{"start":{"line":63,"column":24},"end":{"line":63,"column":36}},"19":{"start":{"line":65,"column":20},"end":{"line":65,"column":28}},"20":{"start":{"line":67,"column":16},"end":{"line":70,"column":17}},"21":{"start":{"line":68,"column":20},"end":{"line":68,"column":38}},"22":{"start":{"line":69,"column":20},"end":{"line":69,"column":39}},"23":{"start":{"line":71,"column":16},"end":{"line":71,"column":71}},"24":{"start":{"line":73,"column":26},"end":{"line":73,"column":76}},"25":{"start":{"line":80,"column":8},"end":{"line":88,"column":9}},"26":{"start":{"line":81,"column":12},"end":{"line":87,"column":14}},"27":{"start":{"line":82,"column":16},"end":{"line":86,"column":17}},"28":{"start":{"line":83,"column":20},"end":{"line":85,"column":22}},"29":{"start":{"line":84,"column":24},"end":{"line":84,"column":90}},"30":{"start":{"line":96,"column":8},"end":{"line":104,"column":10}},"31":{"start":{"line":97,"column":12},"end":{"line":102,"column":14}},"32":{"start":{"line":98,"column":16},"end":{"line":101,"column":17}},"33":{"start":{"line":99,"column":20},"end":{"line":99,"column":43}},"34":{"start":{"line":100,"column":20},"end":{"line":100,"column":26}},"35":{"start":{"line":103,"column":12},"end":{"line":103,"column":23}},"36":{"start":{"line":108,"column":8},"end":{"line":120,"column":9}},"37":{"start":{"line":111,"column":20},"end":{"line":113,"column":70}},"38":{"start":{"line":116,"column":20},"end":{"line":117,"column":101}}},"fnMap":{"0":{"name":"(anonymous_0)","decl":{"start":{"line":20,"column":4},"end":{"line":20,"column":5}},"loc":{"start":{"line":20,"column":24},"end":{"line":30,"column":5}},"line":20},"1":{"name":"(anonymous_1)","decl":{"start":{"line":21,"column":31},"end":{"line":21,"column":32}},"loc":{"start":{"line":21,"column":43},"end":{"line":29,"column":9}},"line":21},"2":{"name":"(anonymous_2)","decl":{"start":{"line":35,"column":4},"end":{"line":35,"column":5}},"loc":{"start":{"line":35,"column":26},"end":{"line":41,"column":5}},"line":35},"3":{"name":"(anonymous_3)","decl":{"start":{"line":36,"column":48},"end":{"line":36,"column":49}},"loc":{"start":{"line":36,"column":56},"end":{"line":36,"column":66}},"line":36},"4":{"name":"(anonymous_4)","decl":{"start":{"line":36,"column":75},"end":{"line":36,"column":76}},"loc":{"start":{"line":36,"column":85},"end":{"line":40,"column":9}},"line":36},"5":{"name":"(anonymous_5)","decl":{"start":{"line":46,"column":22},"end":{"line":46,"column":23}},"loc":{"start":{"line":46,"column":33},"end":{"line":50,"column":5}},"line":46},"6":{"name":"(anonymous_6)","decl":{"start":{"line":48,"column":43},"end":{"line":48,"column":44}},"loc":{"start":{"line":48,"column":51},"end":{"line":48,"column":71}},"line":48},"7":{"name":"(anonymous_7)","decl":{"start":{"line":56,"column":17},"end":{"line":56,"column":18}},"loc":{"start":{"line":56,"column":34},"end":{"line":74,"column":5}},"line":56},"8":{"name":"(anonymous_8)","decl":{"start":{"line":58,"column":26},"end":{"line":58,"column":27}},"loc":{"start":{"line":58,"column":39},"end":{"line":72,"column":13}},"line":58},"9":{"name":"(anonymous_9)","decl":{"start":{"line":60,"column":53},"end":{"line":60,"column":54}},"loc":{"start":{"line":60,"column":58},"end":{"line":66,"column":17}},"line":60},"10":{"name":"(anonymous_10)","decl":{"start":{"line":73,"column":19},"end":{"line":73,"column":20}},"loc":{"start":{"line":73,"column":26},"end":{"line":73,"column":76}},"line":73},"11":{"name":"(anonymous_11)","decl":{"start":{"line":79,"column":18},"end":{"line":79,"column":19}},"loc":{"start":{"line":79,"column":29},"end":{"line":89,"column":5}},"line":79},"12":{"name":"(anonymous_12)","decl":{"start":{"line":81,"column":40},"end":{"line":81,"column":41}},"loc":{"start":{"line":81,"column":52},"end":{"line":87,"column":13}},"line":81},"13":{"name":"(anonymous_13)","decl":{"start":{"line":83,"column":34},"end":{"line":83,"column":35}},"loc":{"start":{"line":83,"column":49},"end":{"line":85,"column":21}},"line":83},"14":{"name":"(anonymous_14)","decl":{"start":{"line":95,"column":17},"end":{"line":95,"column":18}},"loc":{"start":{"line":95,"column":31},"end":{"line":105,"column":5}},"line":95},"15":{"name":"(anonymous_15)","decl":{"start":{"line":96,"column":23},"end":{"line":96,"column":24}},"loc":{"start":{"line":96,"column":33},"end":{"line":104,"column":9}},"line":96},"16":{"name":"(anonymous_16)","decl":{"start":{"line":97,"column":24},"end":{"line":97,"column":25}},"loc":{"start":{"line":97,"column":34},"end":{"line":102,"column":13}},"line":97},"17":{"name":"(anonymous_17)","decl":{"start":{"line":107,"column":4},"end":{"line":107,"column":5}},"loc":{"start":{"line":107,"column":13},"end":{"line":121,"column":5}},"line":107},"18":{"name":"(anonymous_18)","decl":{"start":{"line":110,"column":46},"end":{"line":110,"column":47}},"loc":{"start":{"line":111,"column":20},"end":{"line":113,"column":70}},"line":111},"19":{"name":"(anonymous_19)","decl":{"start":{"line":115,"column":52},"end":{"line":115,"column":53}},"loc":{"start":{"line":116,"column":20},"end":{"line":117,"column":101}},"line":116}},"branchMap":{"0":{"loc":{"start":{"line":37,"column":12},"end":{"line":37,"column":32}},"type":"if","locations":[{"start":{"line":37,"column":12},"end":{"line":37,"column":32}},{"start":{"line":37,"column":12},"end":{"line":37,"column":32}}],"line":37},"1":{"loc":{"start":{"line":38,"column":12},"end":{"line":38,"column":31}},"type":"if","locations":[{"start":{"line":38,"column":12},"end":{"line":38,"column":31}},{"start":{"line":38,"column":12},"end":{"line":38,"column":31}}],"line":38},"2":{"loc":{"start":{"line":47,"column":8},"end":{"line":49,"column":9}},"type":"if","locations":[{"start":{"line":47,"column":8},"end":{"line":49,"column":9}},{"start":{"line":47,"column":8},"end":{"line":49,"column":9}}],"line":47},"3":{"loc":{"start":{"line":61,"column":20},"end":{"line":64,"column":21}},"type":"if","locations":[{"start":{"line":61,"column":20},"end":{"line":64,"column":21}},{"start":{"line":61,"column":20},"end":{"line":64,"column":21}}],"line":61},"4":{"loc":{"start":{"line":67,"column":16},"end":{"line":70,"column":17}},"type":"if","locations":[{"start":{"line":67,"column":16},"end":{"line":70,"column":17}},{"start":{"line":67,"column":16},"end":{"line":70,"column":17}}],"line":67},"5":{"loc":{"start":{"line":80,"column":8},"end":{"line":88,"column":9}},"type":"if","locations":[{"start":{"line":80,"column":8},"end":{"line":88,"column":9}},{"start":{"line":80,"column":8},"end":{"line":88,"column":9}}],"line":80},"6":{"loc":{"start":{"line":82,"column":16},"end":{"line":86,"column":17}},"type":"if","locations":[{"start":{"line":82,"column":16},"end":{"line":86,"column":17}},{"start":{"line":82,"column":16},"end":{"line":86,"column":17}}],"line":82},"7":{"loc":{"start":{"line":98,"column":16},"end":{"line":101,"column":17}},"type":"if","locations":[{"start":{"line":98,"column":16},"end":{"line":101,"column":17}},{"start":{"line":98,"column":16},"end":{"line":101,"column":17}}],"line":98}},"s":{"0":0,"1":0,"2":0,"3":0,"4":0,"5":0,"6":0,"7":0,"8":0,"9":0,"10":0,"11":0,"12":0,"13":0,"14":0,"15":0,"16":0,"17":0,"18":0,"19":0,"20":0,"21":0,"22":0,"23":0,"24":0,"25":0,"26":0,"27":0,"28":0,"29":0,"30":0,"31":0,"32":0,"33":0,"34":0,"35":0,"36":0,"37":0,"38":0},"f":{"0":0,"1":0,"2":0,"3":0,"4":0,"5":0,"6":0,"7":0,"8":0,"9":0,"10":0,"11":0,"12":0,"13":0,"14":0,"15":0,"16":0,"17":0,"18":0,"19":0},"b":{"0":[0,0],"1":[0,0],"2":[0,0],"3":[0,0],"4":[0,0],"5":[0,0],"6":[0,0],"7":[0,0]},"_coverageSchema":"332fd63041d2c1bcb487cc26dd0d5f7d97098a6c","hash":"223eb590e43e8611b729dcbad51d18750859060e"}
,"/Users/assemany/Development/udacity/reactnd-project-myreads-starter/src/BooksAPI.js": {"path":"/Users/assemany/Development/udacity/reactnd-project-myreads-starter/src/BooksAPI.js","statementMap":{"0":{"start":{"line":1,"column":12},"end":{"line":1,"column":51}},"1":{"start":{"line":5,"column":12},"end":{"line":5,"column":30}},"2":{"start":{"line":6,"column":0},"end":{"line":7,"column":70}},"3":{"start":{"line":7,"column":4},"end":{"line":7,"column":70}},"4":{"start":{"line":9,"column":16},"end":{"line":12,"column":1}},"5":{"start":{"line":14,"column":19},"end":{"line":17,"column":32}},"6":{"start":{"line":15,"column":4},"end":{"line":17,"column":32}},"7":{"start":{"line":16,"column":21},"end":{"line":16,"column":31}},"8":{"start":{"line":17,"column":22},"end":{"line":17,"column":31}},"9":{"start":{"line":19,"column":22},"end":{"line":22,"column":33}},"10":{"start":{"line":20,"column":4},"end":{"line":22,"column":33}},"11":{"start":{"line":21,"column":21},"end":{"line":21,"column":31}},"12":{"start":{"line":22,"column":22},"end":{"line":22,"column":32}},"13":{"start":{"line":24,"column":22},"end":{"line":32,"column":30}},"14":{"start":{"line":25,"column":4},"end":{"line":32,"column":30}},"15":{"start":{"line":32,"column":19},"end":{"line":32,"column":29}},"16":{"start":{"line":34,"column":22},"end":{"line":43,"column":33}},"17":{"start":{"line":35,"column":4},"end":{"line":43,"column":33}},"18":{"start":{"line":42,"column":19},"end":{"line":42,"column":29}},"19":{"start":{"line":43,"column":22},"end":{"line":43,"column":32}}},"fnMap":{"0":{"name":"(anonymous_0)","decl":{"start":{"line":14,"column":19},"end":{"line":14,"column":20}},"loc":{"start":{"line":15,"column":4},"end":{"line":17,"column":32}},"line":15},"1":{"name":"(anonymous_1)","decl":{"start":{"line":16,"column":14},"end":{"line":16,"column":15}},"loc":{"start":{"line":16,"column":21},"end":{"line":16,"column":31}},"line":16},"2":{"name":"(anonymous_2)","decl":{"start":{"line":17,"column":14},"end":{"line":17,"column":15}},"loc":{"start":{"line":17,"column":22},"end":{"line":17,"column":31}},"line":17},"3":{"name":"(anonymous_3)","decl":{"start":{"line":19,"column":22},"end":{"line":19,"column":23}},"loc":{"start":{"line":20,"column":4},"end":{"line":22,"column":33}},"line":20},"4":{"name":"(anonymous_4)","decl":{"start":{"line":21,"column":14},"end":{"line":21,"column":15}},"loc":{"start":{"line":21,"column":21},"end":{"line":21,"column":31}},"line":21},"5":{"name":"(anonymous_5)","decl":{"start":{"line":22,"column":14},"end":{"line":22,"column":15}},"loc":{"start":{"line":22,"column":22},"end":{"line":22,"column":32}},"line":22},"6":{"name":"(anonymous_6)","decl":{"start":{"line":24,"column":22},"end":{"line":24,"column":23}},"loc":{"start":{"line":25,"column":4},"end":{"line":32,"column":30}},"line":25},"7":{"name":"(anonymous_7)","decl":{"start":{"line":32,"column":12},"end":{"line":32,"column":13}},"loc":{"start":{"line":32,"column":19},"end":{"line":32,"column":29}},"line":32},"8":{"name":"(anonymous_8)","decl":{"start":{"line":34,"column":22},"end":{"line":34,"column":23}},"loc":{"start":{"line":35,"column":4},"end":{"line":43,"column":33}},"line":35},"9":{"name":"(anonymous_9)","decl":{"start":{"line":42,"column":12},"end":{"line":42,"column":13}},"loc":{"start":{"line":42,"column":19},"end":{"line":42,"column":29}},"line":42},"10":{"name":"(anonymous_10)","decl":{"start":{"line":43,"column":14},"end":{"line":43,"column":15}},"loc":{"start":{"line":43,"column":22},"end":{"line":43,"column":32}},"line":43}},"branchMap":{"0":{"loc":{"start":{"line":6,"column":0},"end":{"line":7,"column":70}},"type":"if","locations":[{"start":{"line":6,"column":0},"end":{"line":7,"column":70}},{"start":{"line":6,"column":0},"end":{"line":7,"column":70}}],"line":6}},"s":{"0":1,"1":1,"2":1,"3":1,"4":1,"5":1,"6":0,"7":0,"8":0,"9":1,"10":0,"11":0,"12":0,"13":1,"14":0,"15":0,"16":1,"17":0,"18":0,"19":0},"f":{"0":0,"1":0,"2":0,"3":0,"4":0,"5":0,"6":0,"7":0,"8":0,"9":0,"10":0},"b":{"0":[1,0]},"_coverageSchema":"332fd63041d2c1bcb487cc26dd0d5f7d97098a6c","hash":"15a65a13cd9396cd0afc2b34f70c29d9d8f4172c"}
,"/Users/assemany/Development/udacity/reactnd-project-myreads-starter/src/index.js": {"path":"/Users/assemany/Development/udacity/reactnd-project-myreads-starter/src/index.js","statementMap":{"0":{"start":{"line":1,"column":32},"end":{"line":1,"column":114}},"1":{"start":{"line":1,"column":128},"end":{"line":1,"column":144}},"2":{"start":{"line":1,"column":159},"end":{"line":1,"column":189}},"3":{"start":{"line":2,"column":16},"end":{"line":2,"column":36}},"4":{"start":{"line":2,"column":54},"end":{"line":2,"column":87}},"5":{"start":{"line":3,"column":11},"end":{"line":3,"column":27}},"6":{"start":{"line":3,"column":40},"end":{"line":3,"column":68}},"7":{"start":{"line":4,"column":0},"end":{"line":4,"column":23}},"8":{"start":{"line":5,"column":22},"end":{"line":5,"column":49}},"9":{"start":{"line":5,"column":88},"end":{"line":5,"column":142}},"10":{"start":{"line":7,"column":0},"end":{"line":7,"column":319}}},"fnMap":{"0":{"name":"_interopRequireDefault","decl":{"start":{"line":5,"column":59},"end":{"line":5,"column":81}},"loc":{"start":{"line":5,"column":87},"end":{"line":5,"column":143}},"line":5}},"branchMap":{"0":{"loc":{"start":{"line":5,"column":95},"end":{"line":5,"column":141}},"type":"cond-expr","locations":[{"start":{"line":5,"column":119},"end":{"line":5,"column":122}},{"start":{"line":5,"column":125},"end":{"line":5,"column":141}}],"line":5},"1":{"loc":{"start":{"line":5,"column":95},"end":{"line":5,"column":116}},"type":"binary-expr","locations":[{"start":{"line":5,"column":95},"end":{"line":5,"column":98}},{"start":{"line":5,"column":102},"end":{"line":5,"column":116}}],"line":5}},"s":{"0":0,"1":0,"2":0,"3":0,"4":0,"5":0,"6":0,"7":0,"8":0,"9":0,"10":0},"f":{"0":0},"b":{"0":[0,0],"1":[0,0]}}
,"/Users/assemany/Development/udacity/reactnd-project-myreads-starter/src/setupTests.js": {"path":"/Users/assemany/Development/udacity/reactnd-project-myreads-starter/src/setupTests.js","statementMap":{"0":{"start":{"line":4,"column":0},"end":{"line":4,"column":38}},"1":{"start":{"line":6,"column":25},"end":{"line":10,"column":1}},"2":{"start":{"line":12,"column":0},"end":{"line":12,"column":38}},"3":{"start":{"line":13,"column":0},"end":{"line":13,"column":42}}},"fnMap":{},"branchMap":{},"s":{"0":2,"1":2,"2":2,"3":2},"f":{},"b":{},"_coverageSchema":"332fd63041d2c1bcb487cc26dd0d5f7d97098a6c","hash":"eb0f5ad6c9c5f296d290fa6a685d92aa6218cfbd"}
,"/Users/assemany/Development/udacity/reactnd-project-myreads-starter/src/Components/Book.js": {"path":"/Users/assemany/Development/udacity/reactnd-project-myreads-starter/src/Components/Book.js","statementMap":{"0":{"start":{"line":5,"column":13},"end":{"line":22,"column":1}},"1":{"start":{"line":6,"column":42},"end":{"line":6,"column":47}},"2":{"start":{"line":8,"column":4},"end":{"line":21,"column":5}},"3":{"start":{"line":24,"column":0},"end":{"line":28,"column":1}}},"fnMap":{"0":{"name":"(anonymous_0)","decl":{"start":{"line":5,"column":13},"end":{"line":5,"column":14}},"loc":{"start":{"line":5,"column":24},"end":{"line":22,"column":1}},"line":5}},"branchMap":{},"s":{"0":1,"1":3,"2":3,"3":1},"f":{"0":3},"b":{},"_coverageSchema":"332fd63041d2c1bcb487cc26dd0d5f7d97098a6c","hash":"d08d9b72844841427ef38dc0543b8682cd1ab566"}
,"/Users/assemany/Development/udacity/reactnd-project-myreads-starter/src/Components/BookGrid.js": {"path":"/Users/assemany/Development/udacity/reactnd-project-myreads-starter/src/Components/BookGrid.js","statementMap":{"0":{"start":{"line":5,"column":17},"end":{"line":17,"column":1}},"1":{"start":{"line":6,"column":43},"end":{"line":6,"column":48}},"2":{"start":{"line":8,"column":4},"end":{"line":16,"column":5}},"3":{"start":{"line":11,"column":16},"end":{"line":13,"column":21}},"4":{"start":{"line":19,"column":0},"end":{"line":23,"column":1}}},"fnMap":{"0":{"name":"(anonymous_0)","decl":{"start":{"line":5,"column":17},"end":{"line":5,"column":18}},"loc":{"start":{"line":5,"column":28},"end":{"line":17,"column":1}},"line":5},"1":{"name":"(anonymous_1)","decl":{"start":{"line":10,"column":23},"end":{"line":10,"column":24}},"loc":{"start":{"line":11,"column":16},"end":{"line":13,"column":21}},"line":11}},"branchMap":{},"s":{"0":1,"1":1,"2":1,"3":2,"4":1},"f":{"0":1,"1":2},"b":{},"_coverageSchema":"332fd63041d2c1bcb487cc26dd0d5f7d97098a6c","hash":"d9bd777b111958c258524c83d42f54246f7454bc"}
,"/Users/assemany/Development/udacity/reactnd-project-myreads-starter/src/Components/BookList.js": {"path":"/Users/assemany/Development/udacity/reactnd-project-myreads-starter/src/Components/BookList.js","statementMap":{"0":{"start":{"line":6,"column":17},"end":{"line":29,"column":1}},"1":{"start":{"line":7,"column":53},"end":{"line":7,"column":58}},"2":{"start":{"line":9,"column":4},"end":{"line":28,"column":5}},"3":{"start":{"line":16,"column":43},"end":{"line":21,"column":22}},"4":{"start":{"line":31,"column":0},"end":{"line":35,"column":1}}},"fnMap":{"0":{"name":"(anonymous_0)","decl":{"start":{"line":6,"column":17},"end":{"line":6,"column":18}},"loc":{"start":{"line":6,"column":28},"end":{"line":29,"column":1}},"line":6},"1":{"name":"(anonymous_1)","decl":{"start":{"line":16,"column":32},"end":{"line":16,"column":33}},"loc":{"start":{"line":16,"column":43},"end":{"line":21,"column":22}},"line":16}},"branchMap":{},"s":{"0":1,"1":2,"2":2,"3":6,"4":1},"f":{"0":2,"1":6},"b":{},"_coverageSchema":"332fd63041d2c1bcb487cc26dd0d5f7d97098a6c","hash":"680c2b84fd168067089d933b7fbd403cfe19ac55"}
,"/Users/assemany/Development/udacity/reactnd-project-myreads-starter/src/Components/BookSearch.js": {"path":"/Users/assemany/Development/udacity/reactnd-project-myreads-starter/src/Components/BookSearch.js","statementMap":{"0":{"start":{"line":7,"column":19},"end":{"line":30,"column":1}},"1":{"start":{"line":9,"column":53},"end":{"line":9,"column":58}},"2":{"start":{"line":11,"column":4},"end":{"line":29,"column":5}},"3":{"start":{"line":20,"column":47},"end":{"line":20,"column":75}},"4":{"start":{"line":32,"column":0},"end":{"line":37,"column":1}}},"fnMap":{"0":{"name":"(anonymous_0)","decl":{"start":{"line":7,"column":19},"end":{"line":7,"column":20}},"loc":{"start":{"line":7,"column":30},"end":{"line":30,"column":1}},"line":7},"1":{"name":"(anonymous_1)","decl":{"start":{"line":20,"column":38},"end":{"line":20,"column":39}},"loc":{"start":{"line":20,"column":47},"end":{"line":20,"column":75}},"line":20}},"branchMap":{"0":{"loc":{"start":{"line":25,"column":21},"end":{"line":25,"column":114}},"type":"binary-expr","locations":[{"start":{"line":25,"column":21},"end":{"line":25,"column":37}},{"start":{"line":25,"column":42},"end":{"line":25,"column":113}}],"line":25}},"s":{"0":1,"1":0,"2":0,"3":0,"4":1},"f":{"0":0,"1":0},"b":{"0":[0,0]},"_coverageSchema":"332fd63041d2c1bcb487cc26dd0d5f7d97098a6c","hash":"d2c61fc660788049d3b353e5f174bcb998d25397"}
,"/Users/assemany/Development/udacity/reactnd-project-myreads-starter/src/Components/BookShelf.js": {"path":"/Users/assemany/Development/udacity/reactnd-project-myreads-starter/src/Components/BookShelf.js","statementMap":{"0":{"start":{"line":6,"column":18},"end":{"line":18,"column":1}},"1":{"start":{"line":7,"column":50},"end":{"line":7,"column":55}},"2":{"start":{"line":8,"column":4},"end":{"line":17,"column":5}},"3":{"start":{"line":20,"column":0},"end":{"line":25,"column":1}}},"fnMap":{"0":{"name":"(anonymous_0)","decl":{"start":{"line":6,"column":18},"end":{"line":6,"column":19}},"loc":{"start":{"line":6,"column":29},"end":{"line":18,"column":1}},"line":6}},"branchMap":{},"s":{"0":1,"1":1,"2":1,"3":1},"f":{"0":1},"b":{},"_coverageSchema":"332fd63041d2c1bcb487cc26dd0d5f7d97098a6c","hash":"8bede5c6e87f1f3a3d227cfd092ef6491809c7a7"}
,"/Users/assemany/Development/udacity/reactnd-project-myreads-starter/src/Components/BookShelfChanger.js": {"path":"/Users/assemany/Development/udacity/reactnd-project-myreads-starter/src/Components/BookShelfChanger.js","statementMap":{"0":{"start":{"line":5,"column":25},"end":{"line":22,"column":1}},"1":{"start":{"line":6,"column":42},"end":{"line":6,"column":47}},"2":{"start":{"line":8,"column":30},"end":{"line":10,"column":5}},"3":{"start":{"line":9,"column":8},"end":{"line":9,"column":42}},"4":{"start":{"line":12,"column":4},"end":{"line":21,"column":5}},"5":{"start":{"line":17,"column":20},"end":{"line":17,"column":99}},"6":{"start":{"line":24,"column":0},"end":{"line":28,"column":1}}},"fnMap":{"0":{"name":"(anonymous_0)","decl":{"start":{"line":5,"column":25},"end":{"line":5,"column":26}},"loc":{"start":{"line":5,"column":36},"end":{"line":22,"column":1}},"line":5},"1":{"name":"(anonymous_1)","decl":{"start":{"line":8,"column":30},"end":{"line":8,"column":31}},"loc":{"start":{"line":8,"column":37},"end":{"line":10,"column":5}},"line":8},"2":{"name":"(anonymous_2)","decl":{"start":{"line":16,"column":29},"end":{"line":16,"column":30}},"loc":{"start":{"line":17,"column":20},"end":{"line":17,"column":99}},"line":17}},"branchMap":{"0":{"loc":{"start":{"line":14,"column":56},"end":{"line":14,"column":88}},"type":"cond-expr","locations":[{"start":{"line":14,"column":69},"end":{"line":14,"column":79}},{"start":{"line":14,"column":82},"end":{"line":14,"column":88}}],"line":14}},"s":{"0":1,"1":4,"2":4,"3":0,"4":4,"5":12,"6":1},"f":{"0":4,"1":0,"2":12},"b":{"0":[3,1]},"_coverageSchema":"332fd63041d2c1bcb487cc26dd0d5f7d97098a6c","hash":"72796c99377c5b8ca9dc18ba43446e62dc575212"}
,"/Users/assemany/Development/udacity/reactnd-project-myreads-starter/src/Components/BookShelfLoader.js": {"path":"/Users/assemany/Development/udacity/reactnd-project-myreads-starter/src/Components/BookShelfLoader.js","statementMap":{"0":{"start":{"line":1,"column":13},"end":{"line":1,"column":75}},"1":{"start":{"line":1,"column":94},"end":{"line":1,"column":197}},"2":{"start":{"line":1,"column":211},"end":{"line":1,"column":227}},"3":{"start":{"line":1,"column":242},"end":{"line":1,"column":272}},"4":{"start":{"line":2,"column":26},"end":{"line":2,"column":57}},"5":{"start":{"line":2,"column":85},"end":{"line":2,"column":128}},"6":{"start":{"line":2,"column":167},"end":{"line":2,"column":221}},"7":{"start":{"line":6,"column":8},"end":{"line":19,"column":202}},"8":{"start":{"line":23,"column":6},"end":{"line":26,"column":16}}},"fnMap":{"0":{"name":"_interopRequireDefault","decl":{"start":{"line":2,"column":138},"end":{"line":2,"column":160}},"loc":{"start":{"line":2,"column":166},"end":{"line":2,"column":222}},"line":2},"1":{"name":"(anonymous_1)","decl":{"start":{"line":5,"column":4},"end":{"line":5,"column":5}},"loc":{"start":{"line":5,"column":13},"end":{"line":23,"column":5}},"line":5}},"branchMap":{"0":{"loc":{"start":{"line":2,"column":174},"end":{"line":2,"column":220}},"type":"cond-expr","locations":[{"start":{"line":2,"column":198},"end":{"line":2,"column":201}},{"start":{"line":2,"column":204},"end":{"line":2,"column":220}}],"line":2},"1":{"loc":{"start":{"line":2,"column":174},"end":{"line":2,"column":195}},"type":"binary-expr","locations":[{"start":{"line":2,"column":174},"end":{"line":2,"column":177}},{"start":{"line":2,"column":181},"end":{"line":2,"column":195}}],"line":2}},"s":{"0":0,"1":0,"2":0,"3":0,"4":0,"5":0,"6":0,"7":0,"8":0},"f":{"0":0,"1":0},"b":{"0":[0,0],"1":[0,0]}}
,"/Users/assemany/Development/udacity/reactnd-project-myreads-starter/src/utils/Helpers.js": {"path":"/Users/assemany/Development/udacity/reactnd-project-myreads-starter/src/utils/Helpers.js","statementMap":{"0":{"start":{"line":1,"column":35},"end":{"line":4,"column":1}},"1":{"start":{"line":2,"column":17},"end":{"line":2,"column":50}},"2":{"start":{"line":3,"column":4},"end":{"line":3,"column":59}}},"fnMap":{"0":{"name":"(anonymous_0)","decl":{"start":{"line":1,"column":35},"end":{"line":1,"column":36}},"loc":{"start":{"line":1,"column":47},"end":{"line":4,"column":1}},"line":1}},"branchMap":{},"s":{"0":2,"1":14,"2":14},"f":{"0":14},"b":{},"_coverageSchema":"332fd63041d2c1bcb487cc26dd0d5f7d97098a6c","hash":"c01d9b5df170721834ccae295e7443a332d95c06"}
}
